<?xml version="1.0" encoding="UTF-8"?>
<testsuite xmlns:xsi="http://www.w3.org/2001/XMLSchema-instance" xsi:noNamespaceSchemaLocation="https://maven.apache.org/surefire/maven-surefire-plugin/xsd/surefire-test-report-3.0.xsd" version="3.0" name="com.example.audit.EnterpriseSecurityTest" time="2.36" tests="3" errors="0" skipped="0" failures="0">
  <properties>
[...]
</properties>
  <testcase name="testUserDetailsServiceLoadsValidUser" classname="com.example.audit.EnterpriseSecurityTest" time="0.705">
    <system-out><![CDATA[2026-08-20T16:20:04.814+05:30  INFO 5756 --- [           main] t.c.s.AnnotationConfigContextLoaderUtils : Could not detect default configuration classes for test class [com.example.audit.EnterpriseSecurityTest]: EnterpriseSecurityTest does not declare any static, non-private, non-final, nested classes annotated with @Configuration.
2026-08-20T16:20:04.826+05:30  INFO 5756 --- [           main] .b.t.c.SpringBootTestContextBootstrapper : Found @SpringBootConfiguration com.example.audit.AuditLogApplication for test class com.example.audit.EnterpriseSecurityTest

  .   ____          _            __ _ _
 /\\ / ___'_ __ _ _(_)_ __  __ _ \ \ \ \
( ( )\___ | '_ | '_| | '_ \/ _` | \ \ \ \
 \\/  ___)| |_)| | | | | || (_| |  ) ) ) )
  '  |____| .__|_| |_|_| |_\__, | / / / /
 =========|_|==============|___/=/_/_/_/
 :: Spring Boot ::                (v3.2.3)

2026-08-20T16:20:04.909+05:30  INFO 5756 --- [           main] c.example.audit.EnterpriseSecurityTest   : Starting EnterpriseSecurityTest using Java 21.0.11 with PID 5756 (started by tusha in C:\Youtube\Learning\audit-log-service)
2026-08-20T16:20:04.910+05:30  INFO 5756 --- [           main] c.example.audit.EnterpriseSecurityTest   : No active profile set, falling back to 1 default profile: "default"
2026-08-20T16:20:05.187+05:30  INFO 5756 --- [           main] .s.d.r.c.RepositoryConfigurationDelegate : Bootstrapping Spring Data JPA repositories in DEFAULT mode.
2026-08-20T16:20:05.201+05:30  INFO 5756 --- [           main] .s.d.r.c.RepositoryConfigurationDelegate : Finished Spring Data repository scanning in 13 ms. Found 3 JPA repository interfaces.
2026-08-20T16:20:05.317+05:30  INFO 5756 --- [           main] o.hibernate.jpa.internal.util.LogHelper  : HHH000204: Processing PersistenceUnitInfo [name: default]
2026-08-20T16:20:05.320+05:30  INFO 5756 --- [           main] o.h.c.internal.RegionFactoryInitiator    : HHH000026: Second-level cache disabled
2026-08-20T16:20:05.326+05:30  INFO 5756 --- [           main] o.s.o.j.p.SpringPersistenceUnitInfo      : No LoadTimeWeaver setup: ignoring JPA class transformer
2026-08-20T16:20:05.327+05:30  INFO 5756 --- [           main] com.zaxxer.hikari.HikariDataSource       : HikariPool-2 - Starting...
2026-08-20T16:20:05.328+05:30  INFO 5756 --- [           main] com.zaxxer.hikari.pool.HikariPool        : HikariPool-2 - Added connection conn10: url=jdbc:h2:mem:testdb user=SA
2026-08-20T16:20:05.328+05:30  INFO 5756 --- [           main] com.zaxxer.hikari.HikariDataSource       : HikariPool-2 - Start completed.
2026-08-20T16:20:05.329+05:30  WARN 5756 --- [           main] org.hibernate.orm.deprecation            : HHH90000025: H2Dialect does not need to be specified explicitly using 'hibernate.dialect' (remove the property setting and it will be selected by default)
2026-08-20T16:20:05.445+05:30  INFO 5756 --- [           main] o.h.e.t.j.p.i.JtaPlatformInitiator       : HHH000489: No JTA platform available (set 'hibernate.transaction.jta.platform' to enable JTA platform integration)
2026-08-20T16:20:05.459+05:30  INFO 5756 --- [           main] j.LocalContainerEntityManagerFactoryBean : Initialized JPA EntityManagerFactory for persistence unit 'default'
2026-08-20T16:20:05.648+05:30  WARN 5756 --- [           main] JpaBaseConfiguration$JpaWebConfiguration : spring.jpa.open-in-view is enabled by default. Therefore, database queries may be performed during view rendering. Explicitly configure spring.jpa.open-in-view to disable this warning
2026-08-20T16:20:05.917+05:30  INFO 5756 --- [           main] o.s.b.a.e.web.EndpointLinksResolver      : Exposing 1 endpoint(s) beneath base path '/actuator'
2026-08-20T16:20:05.952+05:30  INFO 5756 --- [           main] o.s.s.web.DefaultSecurityFilterChain     : Will secure any request with [org.springframework.security.web.session.DisableEncodeUrlFilter@348f0a0, org.springframework.security.web.context.request.async.WebAsyncManagerIntegrationFilter@46ea9b55, org.springframework.security.web.context.SecurityContextHolderFilter@76c103ac, org.springframework.security.web.header.HeaderWriterFilter@74d2b1e6, org.springframework.web.filter.CorsFilter@734425b3, org.springframework.security.web.authentication.logout.LogoutFilter@5d24b7f9, org.springframework.security.web.authentication.www.BasicAuthenticationFilter@5d831c80, org.springframework.security.web.savedrequest.RequestCacheAwareFilter@3daea9a, org.springframework.security.web.servletapi.SecurityContextHolderAwareRequestFilter@79aec8c0, org.springframework.security.web.authentication.AnonymousAuthenticationFilter@5e9f843e, org.springframework.security.web.access.ExceptionTranslationFilter@1633c70, org.springframework.security.web.access.intercept.AuthorizationFilter@5a75de38]
2026-08-20T16:20:06.227+05:30  INFO 5756 --- [           main] c.example.audit.EnterpriseSecurityTest   : Started EnterpriseSecurityTest in 1.394 seconds (process running for 37.676)
]]></system-out>
  </testcase>
  <testcase name="modelGetterSettersForCoverage" classname="com.example.audit.EnterpriseSecurityTest" time="0.022"/>
  <testcase name="testUserDetailsServiceRejectsInvalidUser" classname="com.example.audit.EnterpriseSecurityTest" time="0.023"/>
</testsuite>