<?xml version="1.0" encoding="UTF-8"?>
<testsuite xmlns:xsi="http://www.w3.org/2001/XMLSchema-instance" xsi:noNamespaceSchemaLocation="https://maven.apache.org/surefire/maven-surefire-plugin/xsd/surefire-test-report-3.0.xsd" version="3.0" name="com.example.audit.service.AuditLogServiceTest" time="1.111" tests="3" errors="0" skipped="0" failures="0">
  <properties>
[...]
</properties>
  <testcase name="testRedactionReceiptPreventsBypass" classname="com.example.audit.service.AuditLogServiceTest" time="0.148">
    <system-out><![CDATA[2026-08-20T14:48:23.750+05:30  INFO 23980 --- [           main] t.c.s.AnnotationConfigContextLoaderUtils : Could not detect default configuration classes for test class [com.example.audit.service.AuditLogServiceTest]: AuditLogServiceTest does not declare any static, non-private, non-final, nested classes annotated with @Configuration.
2026-08-20T14:48:23.756+05:30  INFO 23980 --- [           main] .b.t.c.SpringBootTestContextBootstrapper : Found @SpringBootConfiguration com.example.audit.AuditLogApplication for test class com.example.audit.service.AuditLogServiceTest

  .   ____          _            __ _ _
 /\\ / ___'_ __ _ _(_)_ __  __ _ \ \ \ \
( ( )\___ | '_ | '_| | '_ \/ _` | \ \ \ \
 \\/  ___)| |_)| | | | | || (_| |  ) ) ) )
  '  |____| .__|_| |_|_| |_\__, | / / / /
 =========|_|==============|___/=/_/_/_/
 :: Spring Boot ::                (v3.2.3)

2026-08-20T14:48:23.785+05:30  INFO 23980 --- [           main] c.e.audit.service.AuditLogServiceTest    : Starting AuditLogServiceTest using Java 21.0.11 with PID 23980 (started by tusha in C:\Youtube\Learning\audit-log-service)
2026-08-20T14:48:23.786+05:30  INFO 23980 --- [           main] c.e.audit.service.AuditLogServiceTest    : No active profile set, falling back to 1 default profile: "default"
2026-08-20T14:48:23.957+05:30  INFO 23980 --- [           main] .s.d.r.c.RepositoryConfigurationDelegate : Bootstrapping Spring Data JPA repositories in DEFAULT mode.
2026-08-20T14:48:23.964+05:30  INFO 23980 --- [           main] .s.d.r.c.RepositoryConfigurationDelegate : Finished Spring Data repository scanning in 6 ms. Found 1 JPA repository interface.
2026-08-20T14:48:24.034+05:30  INFO 23980 --- [           main] o.hibernate.jpa.internal.util.LogHelper  : HHH000204: Processing PersistenceUnitInfo [name: default]
2026-08-20T14:48:24.036+05:30  INFO 23980 --- [           main] o.h.c.internal.RegionFactoryInitiator    : HHH000026: Second-level cache disabled
2026-08-20T14:48:24.039+05:30  INFO 23980 --- [           main] o.s.o.j.p.SpringPersistenceUnitInfo      : No LoadTimeWeaver setup: ignoring JPA class transformer
2026-08-20T14:48:24.040+05:30  INFO 23980 --- [           main] com.zaxxer.hikari.HikariDataSource       : HikariPool-2 - Starting...
2026-08-20T14:48:24.041+05:30  INFO 23980 --- [           main] com.zaxxer.hikari.pool.HikariPool        : HikariPool-2 - Added connection conn10: url=jdbc:h2:mem:testdb user=SA
2026-08-20T14:48:24.042+05:30  INFO 23980 --- [           main] com.zaxxer.hikari.HikariDataSource       : HikariPool-2 - Start completed.
2026-08-20T14:48:24.042+05:30  WARN 23980 --- [           main] org.hibernate.orm.deprecation            : HHH90000025: H2Dialect does not need to be specified explicitly using 'hibernate.dialect' (remove the property setting and it will be selected by default)
2026-08-20T14:48:24.082+05:30  INFO 23980 --- [           main] o.h.e.t.j.p.i.JtaPlatformInitiator       : HHH000489: No JTA platform available (set 'hibernate.transaction.jta.platform' to enable JTA platform integration)
2026-08-20T14:48:24.096+05:30  INFO 23980 --- [           main] j.LocalContainerEntityManagerFactoryBean : Initialized JPA EntityManagerFactory for persistence unit 'default'
2026-08-20T14:48:24.213+05:30  WARN 23980 --- [           main] JpaBaseConfiguration$JpaWebConfiguration : spring.jpa.open-in-view is enabled by default. Therefore, database queries may be performed during view rendering. Explicitly configure spring.jpa.open-in-view to disable this warning
2026-08-20T14:48:24.444+05:30  INFO 23980 --- [           main] o.s.b.a.e.web.EndpointLinksResolver      : Exposing 1 endpoint(s) beneath base path '/actuator'
2026-08-20T14:48:24.458+05:30  INFO 23980 --- [           main] o.s.s.web.DefaultSecurityFilterChain     : Will secure any request with [org.springframework.security.web.session.DisableEncodeUrlFilter@6ae401b4, org.springframework.security.web.context.request.async.WebAsyncManagerIntegrationFilter@233f26ac, org.springframework.security.web.context.SecurityContextHolderFilter@1f53e98, org.springframework.security.web.header.HeaderWriterFilter@437f698b, org.springframework.web.filter.CorsFilter@52495f56, org.springframework.security.web.authentication.logout.LogoutFilter@2c606112, org.springframework.security.web.authentication.www.BasicAuthenticationFilter@67d5c8ec, org.springframework.security.web.savedrequest.RequestCacheAwareFilter@76bc55e7, org.springframework.security.web.servletapi.SecurityContextHolderAwareRequestFilter@6529b5b8, org.springframework.security.web.authentication.AnonymousAuthenticationFilter@162923aa, org.springframework.security.web.access.ExceptionTranslationFilter@2189655d, org.springframework.security.web.access.intercept.AuthorizationFilter@7f696392]
2026-08-20T14:48:24.603+05:30  INFO 23980 --- [           main] c.e.audit.service.AuditLogServiceTest    : Started AuditLogServiceTest in 0.842 seconds (process running for 11.265)
]]></system-out>
  </testcase>
  <testcase name="testConcurrentAppendsDoNotFractureChain" classname="com.example.audit.service.AuditLogServiceTest" time="0.078">
    <system-out><![CDATA[2026-08-20T14:48:24.793+05:30  WARN 23980 --- [pool-3-thread-7] c.e.audit.service.ComplianceService      : SECURITY_AUDIT_ALERT: High frequency activity detected! Actor [user-1] generated 6 events in the last minute.
2026-08-20T14:48:24.797+05:30  WARN 23980 --- [pool-3-thread-4] c.e.audit.service.ComplianceService      : SECURITY_AUDIT_ALERT: High frequency activity detected! Actor [user-1] generated 7 events in the last minute.
2026-08-20T14:48:24.802+05:30  WARN 23980 --- [pool-3-thread-5] c.e.audit.service.ComplianceService      : SECURITY_AUDIT_ALERT: High frequency activity detected! Actor [user-1] generated 8 events in the last minute.
2026-08-20T14:48:24.808+05:30  WARN 23980 --- [pool-3-thread-2] c.e.audit.service.ComplianceService      : SECURITY_AUDIT_ALERT: High frequency activity detected! Actor [user-1] generated 9 events in the last minute.
2026-08-20T14:48:24.814+05:30  WARN 23980 --- [pool-3-thread-3] c.e.audit.service.ComplianceService      : SECURITY_AUDIT_ALERT: High frequency activity detected! Actor [user-1] generated 10 events in the last minute.
]]></system-out>
  </testcase>
  <testcase name="testTamperDetectionCatchesModifiedPayload" classname="com.example.audit.service.AuditLogServiceTest" time="0.026"/>
</testsuite>