<?xml version="1.0" encoding="UTF-8"?>
<testsuite xmlns:xsi="http://www.w3.org/2001/XMLSchema-instance" xsi:noNamespaceSchemaLocation="https://maven.apache.org/surefire/maven-surefire-plugin/xsd/surefire-test-report-3.0.xsd" version="3.0" name="com.example.audit.service.AuditLogServiceTest" time="13.315" tests="1" errors="0" skipped="0" failures="0">
  <properties>
[...]
</properties>
  <testcase name="testCreateEventAndGenesisHash" classname="com.example.audit.service.AuditLogServiceTest" time="1.903">
    <system-out><![CDATA[16:51:29.187 [main] INFO org.springframework.test.context.support.AnnotationConfigContextLoaderUtils -- Could not detect default configuration classes for test class [com.example.audit.service.AuditLogServiceTest]: AuditLogServiceTest does not declare any static, non-private, non-final, nested classes annotated with @Configuration.
16:51:29.310 [main] INFO org.springframework.boot.test.context.SpringBootTestContextBootstrapper -- Found @SpringBootConfiguration com.example.audit.AuditLogApplication for test class com.example.audit.service.AuditLogServiceTest

  .   ____          _            __ _ _
 /\\ / ___'_ __ _ _(_)_ __  __ _ \ \ \ \
( ( )\___ | '_ | '_| | '_ \/ _` | \ \ \ \
 \\/  ___)| |_)| | | | | || (_| |  ) ) ) )
  '  |____| .__|_| |_|_| |_\__, | / / / /
 =========|_|==============|___/=/_/_/_/
 :: Spring Boot ::                (v3.2.3)

2026-08-19T16:51:29.883+05:30  INFO 23776 --- [           main] c.e.audit.service.AuditLogServiceTest    : Starting AuditLogServiceTest using Java 21.0.11 with PID 23776 (started by tusha in C:\Youtube\Learning\audit-log-service)
2026-08-19T16:51:29.885+05:30  INFO 23776 --- [           main] c.e.audit.service.AuditLogServiceTest    : No active profile set, falling back to 1 default profile: "default"
2026-08-19T16:51:30.744+05:30  INFO 23776 --- [           main] .s.d.r.c.RepositoryConfigurationDelegate : Bootstrapping Spring Data JPA repositories in DEFAULT mode.
2026-08-19T16:51:30.807+05:30  INFO 23776 --- [           main] .s.d.r.c.RepositoryConfigurationDelegate : Finished Spring Data repository scanning in 54 ms. Found 1 JPA repository interface.
2026-08-19T16:51:31.806+05:30  INFO 23776 --- [           main] o.hibernate.jpa.internal.util.LogHelper  : HHH000204: Processing PersistenceUnitInfo [name: default]
2026-08-19T16:51:31.993+05:30  INFO 23776 --- [           main] org.hibernate.Version                    : HHH000412: Hibernate ORM core version 6.4.4.Final
2026-08-19T16:51:32.066+05:30  INFO 23776 --- [           main] o.h.c.internal.RegionFactoryInitiator    : HHH000026: Second-level cache disabled
2026-08-19T16:51:32.649+05:30  INFO 23776 --- [           main] o.s.o.j.p.SpringPersistenceUnitInfo      : No LoadTimeWeaver setup: ignoring JPA class transformer
2026-08-19T16:51:32.751+05:30  INFO 23776 --- [           main] com.zaxxer.hikari.HikariDataSource       : HikariPool-1 - Starting...
2026-08-19T16:51:33.189+05:30  INFO 23776 --- [           main] com.zaxxer.hikari.pool.HikariPool        : HikariPool-1 - Added connection conn0: url=jdbc:h2:mem:testdb user=SA
2026-08-19T16:51:33.193+05:30  INFO 23776 --- [           main] com.zaxxer.hikari.HikariDataSource       : HikariPool-1 - Start completed.
2026-08-19T16:51:33.275+05:30  WARN 23776 --- [           main] org.hibernate.orm.deprecation            : HHH90000025: H2Dialect does not need to be specified explicitly using 'hibernate.dialect' (remove the property setting and it will be selected by default)
2026-08-19T16:51:35.686+05:30  INFO 23776 --- [           main] o.h.e.t.j.p.i.JtaPlatformInitiator       : HHH000489: No JTA platform available (set 'hibernate.transaction.jta.platform' to enable JTA platform integration)
2026-08-19T16:51:35.765+05:30  INFO 23776 --- [           main] j.LocalContainerEntityManagerFactoryBean : Initialized JPA EntityManagerFactory for persistence unit 'default'
2026-08-19T16:51:38.164+05:30  WARN 23776 --- [           main] JpaBaseConfiguration$JpaWebConfiguration : spring.jpa.open-in-view is enabled by default. Therefore, database queries may be performed during view rendering. Explicitly configure spring.jpa.open-in-view to disable this warning
2026-08-19T16:51:39.469+05:30  INFO 23776 --- [           main] o.s.s.web.DefaultSecurityFilterChain     : Will secure any request with [org.springframework.security.web.session.DisableEncodeUrlFilter@6892d403, org.springframework.security.web.context.request.async.WebAsyncManagerIntegrationFilter@3fb42ec7, org.springframework.security.web.context.SecurityContextHolderFilter@2dc319cf, org.springframework.security.web.header.HeaderWriterFilter@4b5ceb5d, org.springframework.web.filter.CorsFilter@1f7b1d6a, org.springframework.security.web.authentication.logout.LogoutFilter@61d9dd15, org.springframework.security.web.authentication.www.BasicAuthenticationFilter@4bc39640, org.springframework.security.web.savedrequest.RequestCacheAwareFilter@34d26a68, org.springframework.security.web.servletapi.SecurityContextHolderAwareRequestFilter@fef2768, org.springframework.security.web.authentication.AnonymousAuthenticationFilter@32d8e58d, org.springframework.security.web.access.ExceptionTranslationFilter@1735e1c4, org.springframework.security.web.access.intercept.AuthorizationFilter@22a8c837]
2026-08-19T16:51:40.351+05:30  INFO 23776 --- [           main] c.e.audit.service.AuditLogServiceTest    : Started AuditLogServiceTest in 10.848 seconds (process running for 11.905)
]]></system-out>
    <system-err><![CDATA[WARNING: A Java agent has been loaded dynamically (C:\Users\tusha\.m2\repository\net\bytebuddy\byte-buddy-agent\1.14.12\byte-buddy-agent-1.14.12.jar)
WARNING: If a serviceability tool is in use, please run with -XX:+EnableDynamicAgentLoading to hide this warning
WARNING: If a serviceability tool is not in use, please run with -Djdk.instrument.traceUsage for more information
WARNING: Dynamic loading of agents will be disallowed by default in a future release
]]></system-err>
  </testcase>
</testsuite>